<?xml version="1.0" encoding="UTF-8"?>
<coverage generated="1650058523095" clover="3.2.0">
  <project timestamp="1650058523095" name="All files">
    <metrics statements="27" coveredstatements="27" conditionals="10" coveredconditionals="10" methods="11" coveredmethods="11" elements="48" coveredelements="48" complexity="0" loc="27" ncloc="27" packages="1" files="1" classes="1"/>
    <file name="stock_portfolio.js" path="/Users/terrenceliu/Desktop/CSC307/stock_portfolio/stock_portfolio.js">
      <metrics statements="27" coveredstatements="27" conditionals="10" coveredconditionals="10" methods="11" coveredmethods="11"/>
      <line num="1" count="1" type="stmt"/>
      <line num="4" count="11" type="stmt"/>
      <line num="8" count="10" type="stmt"/>
      <line num="12" count="4" type="stmt"/>
      <line num="13" count="4" type="cond" truecount="2" falsecount="0"/>
      <line num="14" count="1" type="stmt"/>
      <line num="18" count="4" type="stmt"/>
      <line num="19" count="4" type="cond" truecount="2" falsecount="0"/>
      <line num="21" count="3" type="cond" truecount="2" falsecount="0"/>
      <line num="22" count="1" type="stmt"/>
      <line num="23" count="2" type="cond" truecount="2" falsecount="0"/>
      <line num="24" count="1" type="stmt"/>
      <line num="26" count="1" type="stmt"/>
      <line num="31" count="2" type="stmt"/>
      <line num="32" count="2" type="cond" truecount="2" falsecount="0"/>
      <line num="33" count="1" type="stmt"/>
      <line num="37" count="2" type="stmt"/>
      <line num="41" count="8" type="stmt"/>
      <line num="45" count="1" type="stmt"/>
      <line num="49" count="1" type="stmt"/>
      <line num="52" count="1" type="stmt"/>
      <line num="53" count="1" type="stmt"/>
      <line num="54" count="1" type="stmt"/>
      <line num="55" count="1" type="stmt"/>
      <line num="56" count="1" type="stmt"/>
      <line num="57" count="1" type="stmt"/>
      <line num="58" count="1" type="stmt"/>
    </file>
  </project>
</coverage>
