{"/Users/terrenceliu/Desktop/CSC307/stock_portfolio/stock_portfolio.js": {"path":"/Users/terrenceliu/Desktop/CSC307/stock_portfolio/stock_portfolio.js","statementMap":{"0":{"start":{"line":1,"column":16},"end":{"line":1,"column":18}},"1":{"start":{"line":4,"column":2},"end":{"line":4,"column":52}},"2":{"start":{"line":8,"column":2},"end":{"line":8,"column":76}},"3":{"start":{"line":8,"column":43},"end":{"line":8,"column":74}},"4":{"start":{"line":12,"column":12},"end":{"line":12,"column":32}},"5":{"start":{"line":13,"column":2},"end":{"line":14,"column":41}},"6":{"start":{"line":13,"column":16},"end":{"line":13,"column":59}},"7":{"start":{"line":14,"column":7},"end":{"line":14,"column":41}},"8":{"start":{"line":18,"column":12},"end":{"line":18,"column":32}},"9":{"start":{"line":19,"column":2},"end":{"line":19,"column":64}},"10":{"start":{"line":19,"column":16},"end":{"line":19,"column":64}},"11":{"start":{"line":21,"column":2},"end":{"line":27,"column":3}},"12":{"start":{"line":22,"column":4},"end":{"line":22,"column":38}},"13":{"start":{"line":23,"column":9},"end":{"line":27,"column":3}},"14":{"start":{"line":24,"column":4},"end":{"line":24,"column":27}},"15":{"start":{"line":26,"column":4},"end":{"line":26,"column":67}},"16":{"start":{"line":31,"column":12},"end":{"line":31,"column":32}},"17":{"start":{"line":32,"column":2},"end":{"line":33,"column":36}},"18":{"start":{"line":32,"column":16},"end":{"line":32,"column":64}},"19":{"start":{"line":33,"column":7},"end":{"line":33,"column":36}},"20":{"start":{"line":37,"column":2},"end":{"line":37,"column":67}},"21":{"start":{"line":37,"column":45},"end":{"line":37,"column":65}},"22":{"start":{"line":41,"column":2},"end":{"line":41,"column":19}},"23":{"start":{"line":45,"column":2},"end":{"line":45,"column":26}},"24":{"start":{"line":49,"column":2},"end":{"line":49,"column":28}},"25":{"start":{"line":52,"column":0},"end":{"line":52,"column":36}},"26":{"start":{"line":53,"column":0},"end":{"line":53,"column":22}},"27":{"start":{"line":54,"column":0},"end":{"line":54,"column":48}},"28":{"start":{"line":55,"column":0},"end":{"line":55,"column":38}},"29":{"start":{"line":56,"column":0},"end":{"line":56,"column":30}},"30":{"start":{"line":57,"column":0},"end":{"line":57,"column":42}},"31":{"start":{"line":58,"column":0},"end":{"line":58,"column":40}}},"fnMap":{"0":{"name":"Stock","decl":{"start":{"line":3,"column":9},"end":{"line":3,"column":14}},"loc":{"start":{"line":3,"column":36},"end":{"line":5,"column":1}},"line":3},"1":{"name":"findStock","decl":{"start":{"line":7,"column":9},"end":{"line":7,"column":18}},"loc":{"start":{"line":7,"column":30},"end":{"line":9,"column":1}},"line":7},"2":{"name":"(anonymous_2)","decl":{"start":{"line":8,"column":30},"end":{"line":8,"column":31}},"loc":{"start":{"line":8,"column":43},"end":{"line":8,"column":74}},"line":8},"3":{"name":"purchaseStock","decl":{"start":{"line":11,"column":9},"end":{"line":11,"column":22}},"loc":{"start":{"line":11,"column":44},"end":{"line":15,"column":1}},"line":11},"4":{"name":"sellStock","decl":{"start":{"line":17,"column":9},"end":{"line":17,"column":18}},"loc":{"start":{"line":17,"column":40},"end":{"line":28,"column":1}},"line":17},"5":{"name":"totalShareOfSym","decl":{"start":{"line":30,"column":9},"end":{"line":30,"column":24}},"loc":{"start":{"line":30,"column":36},"end":{"line":34,"column":1}},"line":30},"6":{"name":"cleanPortfolio","decl":{"start":{"line":36,"column":9},"end":{"line":36,"column":23}},"loc":{"start":{"line":36,"column":26},"end":{"line":38,"column":1}},"line":36},"7":{"name":"(anonymous_7)","decl":{"start":{"line":37,"column":32},"end":{"line":37,"column":33}},"loc":{"start":{"line":37,"column":45},"end":{"line":37,"column":65}},"line":37},"8":{"name":"getPortfolio","decl":{"start":{"line":40,"column":9},"end":{"line":40,"column":21}},"loc":{"start":{"line":40,"column":24},"end":{"line":42,"column":1}},"line":40},"9":{"name":"numUniqueTicketSym","decl":{"start":{"line":44,"column":9},"end":{"line":44,"column":27}},"loc":{"start":{"line":44,"column":30},"end":{"line":46,"column":1}},"line":44},"10":{"name":"ShareSaleException","decl":{"start":{"line":48,"column":9},"end":{"line":48,"column":27}},"loc":{"start":{"line":48,"column":37},"end":{"line":50,"column":1}},"line":48}},"branchMap":{"0":{"loc":{"start":{"line":13,"column":2},"end":{"line":14,"column":41}},"type":"if","locations":[{"start":{"line":13,"column":2},"end":{"line":14,"column":41}},{"start":{"line":14,"column":7},"end":{"line":14,"column":41}}],"line":13},"1":{"loc":{"start":{"line":19,"column":2},"end":{"line":19,"column":64}},"type":"if","locations":[{"start":{"line":19,"column":2},"end":{"line":19,"column":64}},{"start":{},"end":{}}],"line":19},"2":{"loc":{"start":{"line":21,"column":2},"end":{"line":27,"column":3}},"type":"if","locations":[{"start":{"line":21,"column":2},"end":{"line":27,"column":3}},{"start":{"line":23,"column":9},"end":{"line":27,"column":3}}],"line":21},"3":{"loc":{"start":{"line":23,"column":9},"end":{"line":27,"column":3}},"type":"if","locations":[{"start":{"line":23,"column":9},"end":{"line":27,"column":3}},{"start":{"line":25,"column":9},"end":{"line":27,"column":3}}],"line":23},"4":{"loc":{"start":{"line":32,"column":2},"end":{"line":33,"column":36}},"type":"if","locations":[{"start":{"line":32,"column":2},"end":{"line":33,"column":36}},{"start":{"line":33,"column":7},"end":{"line":33,"column":36}}],"line":32}},"s":{"0":1,"1":11,"2":10,"3":9,"4":4,"5":4,"6":3,"7":1,"8":4,"9":4,"10":1,"11":3,"12":1,"13":2,"14":1,"15":1,"16":2,"17":2,"18":1,"19":1,"20":2,"21":2,"22":8,"23":1,"24":1,"25":1,"26":1,"27":1,"28":1,"29":1,"30":1,"31":1},"f":{"0":11,"1":10,"2":9,"3":4,"4":4,"5":2,"6":2,"7":2,"8":8,"9":1,"10":1},"b":{"0":[3,1],"1":[1,3],"2":[1,2],"3":[1,1],"4":[1,1]},"_coverageSchema":"1a1c01bbd47fc00a2c39e90264f33305004495a9","hash":"0408ebc6be434857ea0d800c0b69ea007685f3c6"}
}
