TN:
SF:stock_portfolio.js
FN:3,Stock
FN:7,findStock
FN:8,(anonymous_2)
FN:11,purchaseStock
FN:17,sellStock
FN:30,totalShareOfSym
FN:36,cleanPortfolio
FN:37,(anonymous_7)
FN:40,getPortfolio
FN:44,numUniqueTicketSym
FN:48,ShareSaleException
FNF:11
FNH:11
FNDA:11,Stock
FNDA:10,findStock
FNDA:9,(anonymous_2)
FNDA:4,purchaseStock
FNDA:4,sellStock
FNDA:2,totalShareOfSym
FNDA:2,cleanPortfolio
FNDA:2,(anonymous_7)
FNDA:8,getPortfolio
FNDA:1,numUniqueTicketSym
FNDA:1,ShareSaleException
DA:1,1
DA:4,11
DA:8,10
DA:12,4
DA:13,4
DA:14,1
DA:18,4
DA:19,4
DA:21,3
DA:22,1
DA:23,2
DA:24,1
DA:26,1
DA:31,2
DA:32,2
DA:33,1
DA:37,2
DA:41,8
DA:45,1
DA:49,1
DA:52,1
DA:53,1
DA:54,1
DA:55,1
DA:56,1
DA:57,1
DA:58,1
LF:27
LH:27
BRDA:13,0,0,3
BRDA:13,0,1,1
BRDA:19,1,0,1
BRDA:19,1,1,3
BRDA:21,2,0,1
BRDA:21,2,1,2
BRDA:23,3,0,1
BRDA:23,3,1,1
BRDA:32,4,0,1
BRDA:32,4,1,1
BRF:10
BRH:10
end_of_record
